Using pre-set license
Built from '2021.1/staging' branch; Version is '2021.1.2f1 (e5d502d80fbb) revision 15062274'; Using compiler version '192528614'; Build Type 'Release'
OS: 'Windows 10 Home; OS build 19042.870; Version 2009; 64bit' Language: 'en' Physical Memory: 16196 MB
BatchMode: 1, IsHumanControllingUs: 0, StartBugReporterOnCrash: 0, Is64bit: 1, IsPro: 0

 COMMAND LINE ARGUMENTS:
C:\Program Files\Unity\Hub\Editor\2021.1.2f1\Editor\Unity.exe
-adb2
-batchMode
-noUpm
-name
AssetImportWorker0
-projectPath
D:/CalebArulandu/Organizations/YGDA/Projects/Pong_Working/Pong_Working
-logFile
Logs/AssetImportWorker0.log
-srvPort
62787
Successfully changed project path to: D:/CalebArulandu/Organizations/YGDA/Projects/Pong_Working/Pong_Working
D:/CalebArulandu/Organizations/YGDA/Projects/Pong_Working/Pong_Working
Using Asset Import Pipeline V2.
Refreshing native plugins compatible for Editor in 126.23 ms, found 2 plugins.
Preloading 0 native plugins for Editor in 0.00 ms.
Initialize engine version: 2021.1.2f1 (e5d502d80fbb)
[Subsystems] Discovering subsystems at path C:/Program Files/Unity/Hub/Editor/2021.1.2f1/Editor/Data/Resources/UnitySubsystems
[Subsystems] Discovering subsystems at path D:/CalebArulandu/Organizations/YGDA/Projects/Pong_Working/Pong_Working/Assets
GfxDevice: creating device client; threaded=0; jobified=0
Direct3D:
    Version:  Direct3D 11.0 [level 11.1]
    Renderer: NVIDIA GeForce RTX 2060 (ID=0x1f11)
    Vendor:   NVIDIA
    VRAM:     5980 MB
    Driver:   27.21.14.6089
Shader 'Universal Render Pipeline/Particles/Lit': fallback shader 'Universal Render Pipeline/Particles/SimpleLit' not found
Initialize mono
Mono path[0] = 'C:/Program Files/Unity/Hub/Editor/2021.1.2f1/Editor/Data/Managed'
Mono path[1] = 'C:/Program Files/Unity/Hub/Editor/2021.1.2f1/Editor/Data/MonoBleedingEdge/lib/mono/unityjit'
Mono config path = 'C:/Program Files/Unity/Hub/Editor/2021.1.2f1/Editor/Data/MonoBleedingEdge/etc'
Using monoOptions --debugger-agent=transport=dt_socket,embedding=1,server=y,suspend=n,address=127.0.0.1:56344
Begin MonoManager ReloadAssembly
Registering precompiled unity dll's ...
Register platform support module: C:/Program Files/Unity/Hub/Editor/2021.1.2f1/Editor/Data/PlaybackEngines/WindowsStandaloneSupport/UnityEditor.WindowsStandalone.Extensions.dll
Registered in 0.002778 seconds.
Native extension for WindowsStandalone target not found
Refreshing native plugins compatible for Editor in 111.38 ms, found 2 plugins.
Preloading 0 native plugins for Editor in 0.00 ms.
Mono: successfully reloaded assembly
- Completed reload, in  1.374 seconds
Platform modules already initialized, skipping
Registering precompiled user dll's ...
Registered in 0.003821 seconds.
Begin MonoManager ReloadAssembly
Native extension for WindowsStandalone target not found
Refreshing native plugins compatible for Editor in 116.28 ms, found 2 plugins.
Preloading 0 native plugins for Editor in 0.00 ms.
Mono: successfully reloaded assembly
- Completed reload, in  1.322 seconds
Platform modules already initialized, skipping
========================================================================
Worker process is ready to serve import requests
Shader 'Universal Render Pipeline/Particles/Lit': fallback shader 'Universal Render Pipeline/Particles/SimpleLit' not found
Launched and connected shader compiler UnityShaderCompiler.exe after 0.07 seconds
Refreshing native plugins compatible for Editor in 0.90 ms, found 2 plugins.
Preloading 0 native plugins for Editor in 0.00 ms.
Unloading 4539 Unused Serialized files (Serialized files now loaded: 0)
System memory in use before: 178.4 MB.
System memory in use after: 178.5 MB.

Unloading 29 unused Assets to reduce memory usage. Loaded Objects now: 4993.
Total: 4.476500 ms (FindLiveObjects: 0.992000 ms CreateObjectMapping: 0.548800 ms MarkObjects: 2.713800 ms  DeleteObjects: 0.219600 ms)

========================================================================
Received Import Request.
  path: Assets/TextMesh Pro/Resources/Fonts & Materials/LiberationSans SDF - Outline.mat
  artifactKey: Guid(79459efec17a4d00a321bdcc27bbc385) Importer(815301076,1909f56bfc062723c751e8b465ee728b)
Start importing Assets/TextMesh Pro/Resources/Fonts & Materials/LiberationSans SDF - Outline.mat using Guid(79459efec17a4d00a321bdcc27bbc385) Importer(815301076,1909f56bfc062723c751e8b465ee728b)  -> (artifact id: 'ed244be02902081a5104e115413fa01e') in 0.308498 seconds 
========================================================================
Received Import Request.
  Time since last request: 0.000399 seconds.
  path: Assets/TextMesh Pro/Resources/Fonts & Materials/LiberationSans SDF - Fallback.asset
  artifactKey: Guid(2e498d1c8094910479dc3e1b768306a4) Importer(815301076,1909f56bfc062723c751e8b465ee728b)
Start importing Assets/TextMesh Pro/Resources/Fonts & Materials/LiberationSans SDF - Fallback.asset using Guid(2e498d1c8094910479dc3e1b768306a4) Importer(815301076,1909f56bfc062723c751e8b465ee728b)  -> (artifact id: '7d61a94d1bcf8267b1e98286a1002594') in 0.130539 seconds 
========================================================================
Received Import Request.
  Time since last request: 0.000371 seconds.
  path: Assets/TextMesh Pro/Fonts/LiberationSans.ttf
  artifactKey: Guid(e3265ab4bf004d28a9537516768c1c75) Importer(815301076,1909f56bfc062723c751e8b465ee728b)
Start importing Assets/TextMesh Pro/Fonts/LiberationSans.ttf using Guid(e3265ab4bf004d28a9537516768c1c75) Importer(815301076,1909f56bfc062723c751e8b465ee728b)  -> (artifact id: '398ed9f16859c27e16e962e64553c9a7') in 0.019053 seconds 
========================================================================
Received Import Request.
  Time since last request: 0.000253 seconds.
  path: Assets/TextMesh Pro/Resources/Fonts & Materials/LiberationSans SDF - Drop Shadow.mat
  artifactKey: Guid(e73a58f6e2794ae7b1b7e50b7fb811b0) Importer(815301076,1909f56bfc062723c751e8b465ee728b)
Start importing Assets/TextMesh Pro/Resources/Fonts & Materials/LiberationSans SDF - Drop Shadow.mat using Guid(e73a58f6e2794ae7b1b7e50b7fb811b0) Importer(815301076,1909f56bfc062723c751e8b465ee728b)  -> (artifact id: '77d40b702c505f91fc2acdbff6c515a5') in 0.117188 seconds 
========================================================================
Received Import Request.
  Time since last request: 0.000243 seconds.
  path: Assets/TextMesh Pro/Resources/Fonts & Materials/LiberationSans SDF.asset
  artifactKey: Guid(8f586378b4e144a9851e7b34d9b748ee) Importer(815301076,1909f56bfc062723c751e8b465ee728b)
Start importing Assets/TextMesh Pro/Resources/Fonts & Materials/LiberationSans SDF.asset using Guid(8f586378b4e144a9851e7b34d9b748ee) Importer(815301076,1909f56bfc062723c751e8b465ee728b)  -> (artifact id: '009dace4103aedee4079d5983b70f3f6') in 0.041180 seconds 
========================================================================
Received Prepare
Registering precompiled user dll's ...
Registered in 0.004020 seconds.
Begin MonoManager ReloadAssembly
Native extension for WindowsStandalone target not found
Refreshing native plugins compatible for Editor in 0.74 ms, found 2 plugins.
Preloading 0 native plugins for Editor in 0.00 ms.
Mono: successfully reloaded assembly
- Completed reload, in  1.263 seconds
Platform modules already initialized, skipping
Shader 'Universal Render Pipeline/Particles/Lit': fallback shader 'Universal Render Pipeline/Particles/SimpleLit' not found
Refreshing native plugins compatible for Editor in 0.92 ms, found 2 plugins.
Preloading 0 native plugins for Editor in 0.00 ms.
Unloading 4418 Unused Serialized files (Serialized files now loaded: 0)
System memory in use before: 178.9 MB.
System memory in use after: 179.0 MB.

Unloading 17 unused Assets to reduce memory usage. Loaded Objects now: 5126.
Total: 3.449600 ms (FindLiveObjects: 0.413700 ms CreateObjectMapping: 0.271100 ms MarkObjects: 2.655700 ms  DeleteObjects: 0.108000 ms)

========================================================================
Received Prepare
Registering precompiled user dll's ...
Registered in 0.003582 seconds.
Begin MonoManager ReloadAssembly
Native extension for WindowsStandalone target not found
Refreshing native plugins compatible for Editor in 0.83 ms, found 2 plugins.
Preloading 0 native plugins for Editor in 0.00 ms.
Mono: successfully reloaded assembly
- Completed reload, in  1.105 seconds
Platform modules already initialized, skipping
Shader 'Universal Render Pipeline/Particles/Lit': fallback shader 'Universal Render Pipeline/Particles/SimpleLit' not found
Refreshing native plugins compatible for Editor in 0.73 ms, found 2 plugins.
Preloading 0 native plugins for Editor in 0.00 ms.
Unloading 4415 Unused Serialized files (Serialized files now loaded: 0)
System memory in use before: 178.9 MB.
System memory in use after: 179.0 MB.

Unloading 17 unused Assets to reduce memory usage. Loaded Objects now: 5130.
Total: 7.362600 ms (FindLiveObjects: 1.026100 ms CreateObjectMapping: 0.894200 ms MarkObjects: 5.226300 ms  DeleteObjects: 0.213000 ms)

========================================================================
Received Import Request.
  Time since last request: 1094.339706 seconds.
  path: Assets/Prefabs/Paddle.prefab
  artifactKey: Guid(dd08f27f0169d624ebac0894ce29921b) Importer(815301076,1909f56bfc062723c751e8b465ee728b)
Start importing Assets/Prefabs/Paddle.prefab using Guid(dd08f27f0169d624ebac0894ce29921b) Importer(815301076,1909f56bfc062723c751e8b465ee728b)  -> (artifact id: '15637c42a1488633419a5774053fb0e4') in 0.164278 seconds 
========================================================================
Received Prepare
Registering precompiled user dll's ...
Registered in 0.003715 seconds.
Begin MonoManager ReloadAssembly
Native extension for WindowsStandalone target not found
Refreshing native plugins compatible for Editor in 0.79 ms, found 2 plugins.
Preloading 0 native plugins for Editor in 0.00 ms.
Mono: successfully reloaded assembly
- Completed reload, in  1.113 seconds
Platform modules already initialized, skipping
Shader 'Universal Render Pipeline/Particles/Lit': fallback shader 'Universal Render Pipeline/Particles/SimpleLit' not found
Refreshing native plugins compatible for Editor in 0.76 ms, found 2 plugins.
Preloading 0 native plugins for Editor in 0.00 ms.
Unloading 4415 Unused Serialized files (Serialized files now loaded: 0)
System memory in use before: 179.0 MB.
System memory in use after: 179.1 MB.

Unloading 17 unused Assets to reduce memory usage. Loaded Objects now: 5172.
Total: 3.989700 ms (FindLiveObjects: 0.518900 ms CreateObjectMapping: 0.313600 ms MarkObjects: 2.957200 ms  DeleteObjects: 0.198600 ms)

========================================================================
Received Prepare
Registering precompiled user dll's ...
Registered in 0.003721 seconds.
Begin MonoManager ReloadAssembly
Native extension for WindowsStandalone target not found
Refreshing native plugins compatible for Editor in 0.80 ms, found 2 plugins.
Preloading 0 native plugins for Editor in 0.00 ms.
Mono: successfully reloaded assembly
- Completed reload, in  1.107 seconds
Platform modules already initialized, skipping
Shader 'Universal Render Pipeline/Particles/Lit': fallback shader 'Universal Render Pipeline/Particles/SimpleLit' not found
Refreshing native plugins compatible for Editor in 0.97 ms, found 2 plugins.
Preloading 0 native plugins for Editor in 0.00 ms.
Unloading 4415 Unused Serialized files (Serialized files now loaded: 0)
System memory in use before: 179.0 MB.
System memory in use after: 179.1 MB.

Unloading 17 unused Assets to reduce memory usage. Loaded Objects now: 5176.
Total: 3.735400 ms (FindLiveObjects: 0.556600 ms CreateObjectMapping: 0.389800 ms MarkObjects: 2.667500 ms  DeleteObjects: 0.120300 ms)

========================================================================
Received Prepare
Registering precompiled user dll's ...
Registered in 0.004009 seconds.
Begin MonoManager ReloadAssembly
Native extension for WindowsStandalone target not found
Refreshing native plugins compatible for Editor in 0.84 ms, found 2 plugins.
Preloading 0 native plugins for Editor in 0.00 ms.
Mono: successfully reloaded assembly
- Completed reload, in  1.087 seconds
Platform modules already initialized, skipping
Shader 'Universal Render Pipeline/Particles/Lit': fallback shader 'Universal Render Pipeline/Particles/SimpleLit' not found
Refreshing native plugins compatible for Editor in 0.95 ms, found 2 plugins.
Preloading 0 native plugins for Editor in 0.00 ms.
Unloading 4415 Unused Serialized files (Serialized files now loaded: 0)
System memory in use before: 178.9 MB.
System memory in use after: 179.1 MB.

Unloading 17 unused Assets to reduce memory usage. Loaded Objects now: 5180.
Total: 7.453000 ms (FindLiveObjects: 1.524600 ms CreateObjectMapping: 0.897800 ms MarkObjects: 4.842700 ms  DeleteObjects: 0.185100 ms)

========================================================================
Received Prepare
Registering precompiled user dll's ...
Registered in 0.005724 seconds.
Begin MonoManager ReloadAssembly
Native extension for WindowsStandalone target not found
Refreshing native plugins compatible for Editor in 0.84 ms, found 2 plugins.
Preloading 0 native plugins for Editor in 0.00 ms.
Mono: successfully reloaded assembly
- Completed reload, in  1.117 seconds
Platform modules already initialized, skipping
Shader 'Universal Render Pipeline/Particles/Lit': fallback shader 'Universal Render Pipeline/Particles/SimpleLit' not found
Refreshing native plugins compatible for Editor in 0.82 ms, found 2 plugins.
Preloading 0 native plugins for Editor in 0.00 ms.
Unloading 4415 Unused Serialized files (Serialized files now loaded: 0)
System memory in use before: 179.0 MB.
System memory in use after: 179.1 MB.

Unloading 17 unused Assets to reduce memory usage. Loaded Objects now: 5184.
Total: 3.284100 ms (FindLiveObjects: 0.374000 ms CreateObjectMapping: 0.240000 ms MarkObjects: 2.558300 ms  DeleteObjects: 0.110700 ms)

========================================================================
Received Prepare
Registering precompiled user dll's ...
Registered in 0.003991 seconds.
Begin MonoManager ReloadAssembly
Native extension for WindowsStandalone target not found
Refreshing native plugins compatible for Editor in 0.99 ms, found 2 plugins.
Preloading 0 native plugins for Editor in 0.00 ms.
Mono: successfully reloaded assembly
- Completed reload, in  1.184 seconds
Platform modules already initialized, skipping
Shader 'Universal Render Pipeline/Particles/Lit': fallback shader 'Universal Render Pipeline/Particles/SimpleLit' not found
Refreshing native plugins compatible for Editor in 0.87 ms, found 2 plugins.
Preloading 0 native plugins for Editor in 0.00 ms.
Unloading 4415 Unused Serialized files (Serialized files now loaded: 0)
System memory in use before: 179.0 MB.
System memory in use after: 179.1 MB.

Unloading 17 unused Assets to reduce memory usage. Loaded Objects now: 5188.
Total: 5.895800 ms (FindLiveObjects: 0.837800 ms CreateObjectMapping: 1.169900 ms MarkObjects: 3.706100 ms  DeleteObjects: 0.179700 ms)

========================================================================
Received Prepare
Registering precompiled user dll's ...
Registered in 0.006433 seconds.
Begin MonoManager ReloadAssembly
Native extension for WindowsStandalone target not found
Refreshing native plugins compatible for Editor in 1.14 ms, found 2 plugins.
Preloading 0 native plugins for Editor in 0.00 ms.
Mono: successfully reloaded assembly
- Completed reload, in  1.674 seconds
Platform modules already initialized, skipping
Shader 'Universal Render Pipeline/Particles/Lit': fallback shader 'Universal Render Pipeline/Particles/SimpleLit' not found
Refreshing native plugins compatible for Editor in 1.89 ms, found 2 plugins.
Preloading 0 native plugins for Editor in 0.00 ms.
Unloading 4415 Unused Serialized files (Serialized files now loaded: 0)
System memory in use before: 179.0 MB.
System memory in use after: 179.1 MB.

Unloading 17 unused Assets to reduce memory usage. Loaded Objects now: 5192.
Total: 5.819200 ms (FindLiveObjects: 0.563300 ms CreateObjectMapping: 0.566800 ms MarkObjects: 4.485000 ms  DeleteObjects: 0.202200 ms)

========================================================================
Received Prepare
Registering precompiled user dll's ...
Registered in 0.006218 seconds.
Begin MonoManager ReloadAssembly
Native extension for WindowsStandalone target not found
Refreshing native plugins compatible for Editor in 2.10 ms, found 2 plugins.
Preloading 0 native plugins for Editor in 0.00 ms.
Mono: successfully reloaded assembly
- Completed reload, in  1.647 seconds
Platform modules already initialized, skipping
Shader 'Universal Render Pipeline/Particles/Lit': fallback shader 'Universal Render Pipeline/Particles/SimpleLit' not found
Refreshing native plugins compatible for Editor in 1.20 ms, found 2 plugins.
Preloading 0 native plugins for Editor in 0.00 ms.
Unloading 4415 Unused Serialized files (Serialized files now loaded: 0)
System memory in use before: 179.0 MB.
System memory in use after: 179.1 MB.

Unloading 17 unused Assets to reduce memory usage. Loaded Objects now: 5196.
Total: 7.215700 ms (FindLiveObjects: 1.186500 ms CreateObjectMapping: 0.871200 ms MarkObjects: 4.999400 ms  DeleteObjects: 0.156600 ms)

========================================================================
Received Prepare
Registering precompiled user dll's ...
Registered in 0.004905 seconds.
Begin MonoManager ReloadAssembly
Native extension for WindowsStandalone target not found
Refreshing native plugins compatible for Editor in 0.78 ms, found 2 plugins.
Preloading 0 native plugins for Editor in 0.00 ms.
Mono: successfully reloaded assembly
- Completed reload, in  1.208 seconds
Platform modules already initialized, skipping
Shader 'Universal Render Pipeline/Particles/Lit': fallback shader 'Universal Render Pipeline/Particles/SimpleLit' not found
Refreshing native plugins compatible for Editor in 1.08 ms, found 2 plugins.
Preloading 0 native plugins for Editor in 0.00 ms.
Unloading 4415 Unused Serialized files (Serialized files now loaded: 0)
System memory in use before: 179.0 MB.
System memory in use after: 179.1 MB.

Unloading 17 unused Assets to reduce memory usage. Loaded Objects now: 5200.
Total: 7.163300 ms (FindLiveObjects: 1.000700 ms CreateObjectMapping: 0.971300 ms MarkObjects: 5.006000 ms  DeleteObjects: 0.182900 ms)

========================================================================
Received Prepare
Registering precompiled user dll's ...
Registered in 0.004836 seconds.
Begin MonoManager ReloadAssembly
Native extension for WindowsStandalone target not found
Refreshing native plugins compatible for Editor in 0.81 ms, found 2 plugins.
Preloading 0 native plugins for Editor in 0.00 ms.
Mono: successfully reloaded assembly
- Completed reload, in  1.225 seconds
Platform modules already initialized, skipping
Shader 'Universal Render Pipeline/Particles/Lit': fallback shader 'Universal Render Pipeline/Particles/SimpleLit' not found
Refreshing native plugins compatible for Editor in 0.80 ms, found 2 plugins.
Preloading 0 native plugins for Editor in 0.00 ms.
Unloading 4415 Unused Serialized files (Serialized files now loaded: 0)
System memory in use before: 179.0 MB.
System memory in use after: 179.1 MB.

Unloading 17 unused Assets to reduce memory usage. Loaded Objects now: 5204.
Total: 3.382500 ms (FindLiveObjects: 0.391300 ms CreateObjectMapping: 0.273500 ms MarkObjects: 2.597600 ms  DeleteObjects: 0.119100 ms)

========================================================================
Received Prepare
Registering precompiled user dll's ...
Registered in 0.003713 seconds.
Begin MonoManager ReloadAssembly
Native extension for WindowsStandalone target not found
Refreshing native plugins compatible for Editor in 0.78 ms, found 2 plugins.
Preloading 0 native plugins for Editor in 0.00 ms.
Mono: successfully reloaded assembly
- Completed reload, in  1.097 seconds
Platform modules already initialized, skipping
Shader 'Universal Render Pipeline/Particles/Lit': fallback shader 'Universal Render Pipeline/Particles/SimpleLit' not found
Refreshing native plugins compatible for Editor in 1.13 ms, found 2 plugins.
Preloading 0 native plugins for Editor in 0.00 ms.
Unloading 4415 Unused Serialized files (Serialized files now loaded: 0)
System memory in use before: 179.0 MB.
System memory in use after: 179.1 MB.

Unloading 17 unused Assets to reduce memory usage. Loaded Objects now: 5208.
Total: 9.592200 ms (FindLiveObjects: 1.822500 ms CreateObjectMapping: 1.003800 ms MarkObjects: 6.573400 ms  DeleteObjects: 0.189100 ms)

AssetImportWorkerClient::OnTransportError - code=2 error=End of file
